Arguments: 
  C:\Program Files\nodejs\node.exe C:\Program Files\nodejs\node_modules\yarn\bin\yarn.js init vue@latest

PATH: 
  C:\Program Files\Common Files\Oracle\Java\javapath;D:\Devtool\Python38\Scripts\;D:\Devtool\Python38\;C:\Windows\system32;C:\Windows;C:\Windows\System32\Wbem;C:\Windows\System32\WindowsPowerShell\v1.0\;C:\Windows\System32\OpenSSH\;C:\Program Files (x86)\NVIDIA Corporation\PhysX\Common;D:\Program Files\ffmpeg\bin;D:\Users\1523789353\Desktop\工具\小程序\ToolKits;C:\P;ogram Files (x86)\Intel\Intel(R) Management Engine Components\DAL;C:\Program Files\Intel\Intel(R) Management Engine Components\DAL;D:\Program Files\Microsoft VS Code;D:\Devtool\nvm;C:\Program Files\nodejs;C:\Program Files\NVIDIA Corporation\NVIDIA NvDLISR;D:\Program Files\Microsoft VS Code\bin;D:\Devtool\Windows Kits\10\Windows Performance Toolkit\;D:\Devtool\Windows Kits\10\Microsoft Application Virtualization\Sequencer\;D:\Devtool\Redis\;D:\Devtool\Git\cmd;C:\Users\Administrator\AppData\Local\Microsoft\WindowsApps;D:\Program Files\Bandizip\;D:\Devtool\nvm;C:\Program Files\nodejs;D:\Program Files (x86)\GPAC

Yarn version: 
  1.22.19

Node version: 
  18.16.1

Platform: 
  win32 x64

Trace: 
  Error: canceled
      at Interface.<anonymous> (D:\Devtool\nvm\v18.16.1\node_modules\yarn\lib\cli.js:137150:13)
      at Interface.emit (node:events:513:28)
      at [_ttyWrite] [as _ttyWrite] (node:internal/readline/interface:1131:18)
      at ReadStream.onkeypress (node:internal/readline/interface:270:20)
      at ReadStream.emit (node:events:513:28)
      at emitKeys (node:internal/readline/utils:357:14)
      at emitKeys.next (<anonymous>)
      at ReadStream.onData (node:internal/readline/emitKeypressEvents:64:36)
      at ReadStream.emit (node:events:513:28)
      at addChunk (node:internal/streams/readable:324:12)

npm manifest: 
  No manifest

yarn manifest: 
  No manifest

Lockfile: 
  No lockfile
